<?xml version="1.0" encoding="UTF-8"?>
<!-- Generated by org.testng.reporters.JUnitXMLReporter -->
<testsuite ignored="9" hostname="DELL" failures="0" tests="1" name="Testtwo" time="8.532" errors="0" timestamp="2023-05-13T23:24:44 IST">
  <testcase classname="freamWrk.Reddiffaskfreamwrk" name="verifyTitle" time="0.035"/>
  <testcase classname="freamWrk.Reddiffaskfreamwrk" name="verifyName" time="0.0">
    <ignored/>
  </testcase> <!-- verifyName -->
  <testcase classname="freamWrk.Reddiffaskfreamwrk" name="verifyScrollupDown" time="0.0">
    <ignored/>
  </testcase> <!-- verifyScrollupDown -->
  <testcase classname="freamWrk.Reddiffaskfreamwrk" name="verifyUrl" time="0.0">
    <ignored/>
  </testcase> <!-- verifyUrl -->
  <testcase classname="freamWrk.Reddiffaskfreamwrk" name="verifypopup" time="0.0">
    <ignored/>
  </testcase> <!-- verifypopup -->
  <testcase classname="freamWrk.Reddiffaskfreamwrk" name="verifyTagName" time="0.0">
    <ignored/>
  </testcase> <!-- verifyTagName -->
  <testcase classname="freamWrk.Reddiffaskfreamwrk" name="verifyScreenshort" time="0.0">
    <ignored/>
  </testcase> <!-- verifyScreenshort -->
  <testcase classname="freamWrk.Reddiffaskfreamwrk" name="verifyfreame" time="0.0">
    <ignored/>
  </testcase> <!-- verifyfreame -->
  <testcase classname="freamWrk.Reddiffaskfreamwrk" name="verifygetest" time="0.0">
    <ignored/>
  </testcase> <!-- verifygetest -->
  <testcase classname="freamWrk.Reddiffaskfreamwrk" name="verifyPassword" time="0.0">
    <ignored/>
  </testcase> <!-- verifyPassword -->
</testsuite> <!-- Testtwo -->
