<?xml version="1.0" encoding="UTF-8"?>
<!-- Generated by org.testng.reporters.JUnitXMLReporter -->
<testsuite ignored="0" hostname="DELL" failures="0" tests="1" name="Test" time="18.389" errors="0" timestamp="2023-05-14T19:46:17 IST">
  <testcase classname="freamWrk.ReddifDataDrive" name="@AfterTest TerDown" time="0.001">
    <failure type="java.lang.NullPointerException" message="Cannot invoke &amp;quot;org.openqa.selenium.WebDriver.close()&amp;quot; because &amp;quot;this.driver&amp;quot; is null">
      <![CDATA[java.lang.NullPointerException: Cannot invoke "org.openqa.selenium.WebDriver.close()" because "this.driver" is null
at freamWrk.ReddifDataDrive.TerDown(ReddifDataDrive.java:39)
... Removed 24 stack frames]]>
    </failure>
  </testcase> <!-- @AfterTest TerDown -->
  <testcase classname="freamWrk.ReddifDataDrive" name="Verifytest" time="0.0">
    <skipped/>
  </testcase> <!-- Verifytest -->
</testsuite> <!-- Test -->
