<?xml version="1.0" encoding="UTF-8"?>
<!-- Generated by org.testng.reporters.JUnitXMLReporter -->
<testsuite ignored="0" hostname="DELL" failures="0" tests="4" name="logintestone" time="48.247" errors="0" timestamp="2023-05-14T18:56:39 IST">
  <testcase classname="Datdrivenfreamwrk.Loginexample" name="loginwithbothCorrect" time="14.893"/>
  <testcase classname="Datdrivenfreamwrk.Loginexample" name="loginwithbothCorrect" time="11.59"/>
  <testcase classname="Datdrivenfreamwrk.Loginexample" name="loginwithbothCorrect" time="11.171"/>
  <testcase classname="Datdrivenfreamwrk.Loginexample" name="loginwithbothCorrect" time="10.418"/>
</testsuite> <!-- logintestone -->
