<?xml version="1.0" encoding="UTF-8"?>
<!-- Generated by org.testng.reporters.JUnitXMLReporter -->
<testsuite ignored="0" hostname="DELL" failures="0" tests="4" name="logintest" time="50.309" errors="0" timestamp="2023-05-14T17:24:54 IST">
  <testcase classname="Datdrivenfreamwrk.Bothcrt" name="loginwithbothCorrect" time="15.068"/>
  <testcase classname="Datdrivenfreamwrk.Bothincrt" name="loginwithbothincorrect" time="11.501"/>
  <testcase classname="Datdrivenfreamwrk.cortusername" name="loginwithCorrectusernme" time="11.702"/>
  <testcase classname="Datdrivenfreamwrk.crtpssword" name="loginwithCorrectpassword" time="11.44"/>
</testsuite> <!-- logintest -->
